<?xml version="1.0" encoding="UTF-8"?>
<!-- Generated by org.testng.reporters.JUnitReportReporter -->
<testsuite skipped="0" hostname="LAPTOP-NT7ELRKO" name="API.new1" tests="1" failures="0" timestamp="2021-08-13T17:44:12 IST" time="5.032" errors="0">
  <testcase name="getResponseStatus" time="5.032" classname="API.new1"/>
  <system-out/>
</testsuite> <!-- API.new1 -->
