<?xml version="1.0" encoding="UTF-8"?>
<!-- Generated by org.testng.reporters.JUnitReportReporter -->
<testsuite skipped="0" hostname="LAPTOP-NT7ELRKO" name="API.test" tests="1" failures="0" timestamp="2021-08-13T16:19:43 IST" time="8.980" errors="0">
  <testcase name="getResponseBody" time="8.980" classname="API.test"/>
  <system-out/>
</testsuite> <!-- API.test -->
